{"/Users/nhaoz/Workspace/itAcademy/NodeJs/sprint-2/memorize/src/index.ts": {"path":"/Users/nhaoz/Workspace/itAcademy/NodeJs/sprint-2/memorize/src/index.ts","statementMap":{"0":{"start":{"line":1,"column":23},"end":{"line":12,"column":1}},"1":{"start":{"line":2,"column":42},"end":{"line":2,"column":44}},"2":{"start":{"line":3,"column":4},"end":{"line":11,"column":null}},"3":{"start":{"line":4,"column":20},"end":{"line":4,"column":34}},"4":{"start":{"line":5,"column":8},"end":{"line":7,"column":9}},"5":{"start":{"line":6,"column":12},"end":{"line":6,"column":null}},"6":{"start":{"line":8,"column":23},"end":{"line":8,"column":36}},"7":{"start":{"line":9,"column":8},"end":{"line":9,"column":null}},"8":{"start":{"line":10,"column":8},"end":{"line":10,"column":null}},"9":{"start":{"line":1,"column":13},"end":{"line":1,"column":23}},"10":{"start":{"line":15,"column":31},"end":{"line":21,"column":1}},"11":{"start":{"line":16,"column":17},"end":{"line":16,"column":18}},"12":{"start":{"line":17,"column":4},"end":{"line":19,"column":5}},"13":{"start":{"line":17,"column":17},"end":{"line":17,"column":18}},"14":{"start":{"line":18,"column":8},"end":{"line":18,"column":null}},"15":{"start":{"line":20,"column":4},"end":{"line":20,"column":null}},"16":{"start":{"line":23,"column":21},"end":{"line":23,"column":42}},"17":{"start":{"line":24,"column":0},"end":{"line":24,"column":null}},"18":{"start":{"line":25,"column":0},"end":{"line":25,"column":null}},"19":{"start":{"line":26,"column":0},"end":{"line":26,"column":null}},"20":{"start":{"line":27,"column":0},"end":{"line":27,"column":null}},"21":{"start":{"line":28,"column":0},"end":{"line":28,"column":null}},"22":{"start":{"line":29,"column":0},"end":{"line":29,"column":null}},"23":{"start":{"line":30,"column":0},"end":{"line":30,"column":null}},"24":{"start":{"line":31,"column":0},"end":{"line":31,"column":null}},"25":{"start":{"line":32,"column":0},"end":{"line":32,"column":null}},"26":{"start":{"line":33,"column":0},"end":{"line":33,"column":null}},"27":{"start":{"line":34,"column":0},"end":{"line":34,"column":null}},"28":{"start":{"line":35,"column":0},"end":{"line":35,"column":null}}},"fnMap":{"0":{"name":"(anonymous_0)","decl":{"start":{"line":1,"column":23},"end":{"line":1,"column":24}},"loc":{"start":{"line":1,"column":42},"end":{"line":12,"column":1}}},"1":{"name":"(anonymous_1)","decl":{"start":{"line":3,"column":11},"end":{"line":3,"column":21}},"loc":{"start":{"line":3,"column":38},"end":{"line":11,"column":5}}},"2":{"name":"(anonymous_2)","decl":{"start":{"line":15,"column":31},"end":{"line":15,"column":32}},"loc":{"start":{"line":15,"column":47},"end":{"line":21,"column":1}}}},"branchMap":{"0":{"loc":{"start":{"line":5,"column":8},"end":{"line":7,"column":9}},"type":"if","locations":[{"start":{"line":5,"column":8},"end":{"line":7,"column":9}}]}},"s":{"0":1,"1":1,"2":1,"3":4,"4":4,"5":3,"6":1,"7":1,"8":1,"9":1,"10":1,"11":1,"12":1,"13":1,"14":2000000001,"15":1,"16":1,"17":1,"18":1,"19":1,"20":1,"21":1,"22":1,"23":1,"24":1,"25":1,"26":1,"27":1,"28":1},"f":{"0":1,"1":4,"2":1},"b":{"0":[3]}}
}
