{"/Users/nhaoz/Workspace/itAcademy/NodeJs/sprint-2/memorize/src/index.ts": {"path":"/Users/nhaoz/Workspace/itAcademy/NodeJs/sprint-2/memorize/src/index.ts","statementMap":{"0":{"start":{"line":2,"column":42},"end":{"line":2,"column":44}},"1":{"start":{"line":3,"column":4},"end":{"line":11,"column":6}},"2":{"start":{"line":4,"column":20},"end":{"line":4,"column":34}},"3":{"start":{"line":5,"column":8},"end":{"line":7,"column":9}},"4":{"start":{"line":6,"column":12},"end":{"line":6,"column":30}},"5":{"start":{"line":8,"column":23},"end":{"line":8,"column":36}},"6":{"start":{"line":9,"column":8},"end":{"line":9,"column":null}},"7":{"start":{"line":10,"column":8},"end":{"line":10,"column":null}},"8":{"start":{"line":1,"column":0},"end":{"line":1,"column":16}},"9":{"start":{"line":14,"column":46},"end":{"line":20,"column":1}},"10":{"start":{"line":15,"column":17},"end":{"line":15,"column":18}},"11":{"start":{"line":16,"column":4},"end":{"line":18,"column":5}},"12":{"start":{"line":16,"column":17},"end":{"line":16,"column":18}},"13":{"start":{"line":17,"column":8},"end":{"line":17,"column":null}},"14":{"start":{"line":19,"column":4},"end":{"line":19,"column":null}}},"fnMap":{"0":{"name":"memoize","decl":{"start":{"line":1,"column":16},"end":{"line":1,"column":23}},"loc":{"start":{"line":1,"column":38},"end":{"line":12,"column":1}}},"1":{"name":"(anonymous_1)","decl":{"start":{"line":3,"column":11},"end":{"line":3,"column":21}},"loc":{"start":{"line":3,"column":38},"end":{"line":11,"column":5}}},"2":{"name":"(anonymous_2)","decl":{"start":{"line":14,"column":46},"end":{"line":14,"column":47}},"loc":{"start":{"line":14,"column":62},"end":{"line":20,"column":1}}}},"branchMap":{"0":{"loc":{"start":{"line":5,"column":8},"end":{"line":7,"column":9}},"type":"if","locations":[{"start":{"line":5,"column":8},"end":{"line":7,"column":9}}]}},"s":{"0":0,"1":0,"2":0,"3":0,"4":0,"5":0,"6":0,"7":0,"8":0,"9":0,"10":0,"11":0,"12":0,"13":0,"14":0},"f":{"0":0,"1":0,"2":0},"b":{"0":[0]}}
}
